(node:2237545) [MONGOOSE] DeprecationWarning: Mongoose: the `strictQuery` option will be switched back to `false` by default in Mongoose 7. Use `mongoose.set('strictQuery', false);` if you want to prepare for this change. Or use `mongoose.set('strictQuery', true);` to suppress this warning.
TypeError: /home/honewiwp/lahorecouriers.com/views/qrcode_detail.ejs:1081
    1079|                     <td>
    1080|                       
 >> 1081|                         <%if(track.consignment_booked){%>
    1082|                             Success
    1083|                             <%}else{%>
    1084|                             Pending

Cannot read property 'consignment_booked' of null
    at eval (eval at compile (/home/honewiwp/nodevenv/lahorecouriers.com/12/lib/node_modules/ejs/lib/ejs.js:673:12), <anonymous>:28:16)
    at qrcode_detail (/home/honewiwp/nodevenv/lahorecouriers.com/12/lib/node_modules/ejs/lib/ejs.js:703:17)
    at tryHandleCache (/home/honewiwp/nodevenv/lahorecouriers.com/12/lib/node_modules/ejs/lib/ejs.js:274:36)
    at View.exports.renderFile [as engine] (/home/honewiwp/nodevenv/lahorecouriers.com/12/lib/node_modules/ejs/lib/ejs.js:491:10)
    at View.render (/home/honewiwp/nodevenv/lahorecouriers.com/12/lib/node_modules/express/lib/view.js:135:8)
    at tryRender (/home/honewiwp/nodevenv/lahorecouriers.com/12/lib/node_modules/express/lib/application.js:657:10)
    at Function.render (/home/honewiwp/nodevenv/lahorecouriers.com/12/lib/node_modules/express/lib/application.js:609:3)
    at ServerResponse.render (/home/honewiwp/nodevenv/lahorecouriers.com/12/lib/node_modules/express/lib/response.js:1039:7)
    at /home/honewiwp/lahorecouriers.com/controllers/admin/OrderController.js:150:25
    at /home/honewiwp/nodevenv/lahorecouriers.com/12/lib/node_modules/qrcode/lib/renderer/png.js:29:5
TypeError: /home/honewiwp/lahorecouriers.com/views/qrcode_detail.ejs:1081
    1079|                     <td>
    1080|                       
 >> 1081|                         <%if(track.consignment_booked != false){%>
    1082|                             Success
    1083|                             <%}else{%>
    1084|                             Pending

Cannot read property 'consignment_booked' of null
    at eval (eval at compile (/home/honewiwp/nodevenv/lahorecouriers.com/12/lib/node_modules/ejs/lib/ejs.js:673:12), <anonymous>:28:16)
    at qrcode_detail (/home/honewiwp/nodevenv/lahorecouriers.com/12/lib/node_modules/ejs/lib/ejs.js:703:17)
    at tryHandleCache (/home/honewiwp/nodevenv/lahorecouriers.com/12/lib/node_modules/ejs/lib/ejs.js:274:36)
    at View.exports.renderFile [as engine] (/home/honewiwp/nodevenv/lahorecouriers.com/12/lib/node_modules/ejs/lib/ejs.js:491:10)
    at View.render (/home/honewiwp/nodevenv/lahorecouriers.com/12/lib/node_modules/express/lib/view.js:135:8)
    at tryRender (/home/honewiwp/nodevenv/lahorecouriers.com/12/lib/node_modules/express/lib/application.js:657:10)
    at Function.render (/home/honewiwp/nodevenv/lahorecouriers.com/12/lib/node_modules/express/lib/application.js:609:3)
    at ServerResponse.render (/home/honewiwp/nodevenv/lahorecouriers.com/12/lib/node_modules/express/lib/response.js:1039:7)
    at /home/honewiwp/lahorecouriers.com/controllers/admin/OrderController.js:150:25
    at /home/honewiwp/nodevenv/lahorecouriers.com/12/lib/node_modules/qrcode/lib/renderer/png.js:29:5
TypeError: /home/honewiwp/lahorecouriers.com/views/qrcode_detail.ejs:1081
    1079|                     <td>
    1080|                       
 >> 1081|                         <%if(track.consignment_booked != false){%>
    1082|                             Success
    1083|                             <%}else{%>
    1084|                             Pending

Cannot read property 'consignment_booked' of null
    at eval (eval at compile (/home/honewiwp/nodevenv/lahorecouriers.com/12/lib/node_modules/ejs/lib/ejs.js:673:12), <anonymous>:28:16)
    at qrcode_detail (/home/honewiwp/nodevenv/lahorecouriers.com/12/lib/node_modules/ejs/lib/ejs.js:703:17)
    at tryHandleCache (/home/honewiwp/nodevenv/lahorecouriers.com/12/lib/node_modules/ejs/lib/ejs.js:274:36)
    at View.exports.renderFile [as engine] (/home/honewiwp/nodevenv/lahorecouriers.com/12/lib/node_modules/ejs/lib/ejs.js:491:10)
    at View.render (/home/honewiwp/nodevenv/lahorecouriers.com/12/lib/node_modules/express/lib/view.js:135:8)
    at tryRender (/home/honewiwp/nodevenv/lahorecouriers.com/12/lib/node_modules/express/lib/application.js:657:10)
    at Function.render (/home/honewiwp/nodevenv/lahorecouriers.com/12/lib/node_modules/express/lib/application.js:609:3)
    at ServerResponse.render (/home/honewiwp/nodevenv/lahorecouriers.com/12/lib/node_modules/express/lib/response.js:1039:7)
    at /home/honewiwp/lahorecouriers.com/controllers/admin/OrderController.js:150:25
    at /home/honewiwp/nodevenv/lahorecouriers.com/12/lib/node_modules/qrcode/lib/renderer/png.js:29:5
TypeError: /home/honewiwp/lahorecouriers.com/views/qrcode_detail.ejs:1081
    1079|             <!--        <td>-->
    1080|                       
 >> 1081|             <!--            <%if(track.consignment_booked){%>-->
    1082|             <!--                Success-->
    1083|             <!--                <%}else{%>-->
    1084|             <!--                Pending-->

Cannot read property 'consignment_booked' of null
    at eval (eval at compile (/home/honewiwp/nodevenv/lahorecouriers.com/12/lib/node_modules/ejs/lib/ejs.js:673:12), <anonymous>:28:16)
    at qrcode_detail (/home/honewiwp/nodevenv/lahorecouriers.com/12/lib/node_modules/ejs/lib/ejs.js:703:17)
    at tryHandleCache (/home/honewiwp/nodevenv/lahorecouriers.com/12/lib/node_modules/ejs/lib/ejs.js:274:36)
    at View.exports.renderFile [as engine] (/home/honewiwp/nodevenv/lahorecouriers.com/12/lib/node_modules/ejs/lib/ejs.js:491:10)
    at View.render (/home/honewiwp/nodevenv/lahorecouriers.com/12/lib/node_modules/express/lib/view.js:135:8)
    at tryRender (/home/honewiwp/nodevenv/lahorecouriers.com/12/lib/node_modules/express/lib/application.js:657:10)
    at Function.render (/home/honewiwp/nodevenv/lahorecouriers.com/12/lib/node_modules/express/lib/application.js:609:3)
    at ServerResponse.render (/home/honewiwp/nodevenv/lahorecouriers.com/12/lib/node_modules/express/lib/response.js:1039:7)
    at /home/honewiwp/lahorecouriers.com/controllers/admin/OrderController.js:150:25
    at /home/honewiwp/nodevenv/lahorecouriers.com/12/lib/node_modules/qrcode/lib/renderer/png.js:29:5
(node:2434327) [MONGOOSE] DeprecationWarning: Mongoose: the `strictQuery` option will be switched back to `false` by default in Mongoose 7. Use `mongoose.set('strictQuery', false);` if you want to prepare for this change. Or use `mongoose.set('strictQuery', true);` to suppress this warning.
(node:2565815) [MONGOOSE] DeprecationWarning: Mongoose: the `strictQuery` option will be switched back to `false` by default in Mongoose 7. Use `mongoose.set('strictQuery', false);` if you want to prepare for this change. Or use `mongoose.set('strictQuery', true);` to suppress this warning.
(node:2569880) [MONGOOSE] DeprecationWarning: Mongoose: the `strictQuery` option will be switched back to `false` by default in Mongoose 7. Use `mongoose.set('strictQuery', false);` if you want to prepare for this change. Or use `mongoose.set('strictQuery', true);` to suppress this warning.
(node:2574274) [MONGOOSE] DeprecationWarning: Mongoose: the `strictQuery` option will be switched back to `false` by default in Mongoose 7. Use `mongoose.set('strictQuery', false);` if you want to prepare for this change. Or use `mongoose.set('strictQuery', true);` to suppress this warning.
(node:2593735) [MONGOOSE] DeprecationWarning: Mongoose: the `strictQuery` option will be switched back to `false` by default in Mongoose 7. Use `mongoose.set('strictQuery', false);` if you want to prepare for this change. Or use `mongoose.set('strictQuery', true);` to suppress this warning.
(node:2604662) [MONGOOSE] DeprecationWarning: Mongoose: the `strictQuery` option will be switched back to `false` by default in Mongoose 7. Use `mongoose.set('strictQuery', false);` if you want to prepare for this change. Or use `mongoose.set('strictQuery', true);` to suppress this warning.
(node:2610369) [MONGOOSE] DeprecationWarning: Mongoose: the `strictQuery` option will be switched back to `false` by default in Mongoose 7. Use `mongoose.set('strictQuery', false);` if you want to prepare for this change. Or use `mongoose.set('strictQuery', true);` to suppress this warning.
(node:2613525) [MONGOOSE] DeprecationWarning: Mongoose: the `strictQuery` option will be switched back to `false` by default in Mongoose 7. Use `mongoose.set('strictQuery', false);` if you want to prepare for this change. Or use `mongoose.set('strictQuery', true);` to suppress this warning.
(node:3000536) [MONGOOSE] DeprecationWarning: Mongoose: the `strictQuery` option will be switched back to `false` by default in Mongoose 7. Use `mongoose.set('strictQuery', false);` if you want to prepare for this change. Or use `mongoose.set('strictQuery', true);` to suppress this warning.
(node:3055705) [MONGOOSE] DeprecationWarning: Mongoose: the `strictQuery` option will be switched back to `false` by default in Mongoose 7. Use `mongoose.set('strictQuery', false);` if you want to prepare for this change. Or use `mongoose.set('strictQuery', true);` to suppress this warning.
(node:3069815) [MONGOOSE] DeprecationWarning: Mongoose: the `strictQuery` option will be switched back to `false` by default in Mongoose 7. Use `mongoose.set('strictQuery', false);` if you want to prepare for this change. Or use `mongoose.set('strictQuery', true);` to suppress this warning.
(node:3092274) [MONGOOSE] DeprecationWarning: Mongoose: the `strictQuery` option will be switched back to `false` by default in Mongoose 7. Use `mongoose.set('strictQuery', false);` if you want to prepare for this change. Or use `mongoose.set('strictQuery', true);` to suppress this warning.
(node:3111251) [MONGOOSE] DeprecationWarning: Mongoose: the `strictQuery` option will be switched back to `false` by default in Mongoose 7. Use `mongoose.set('strictQuery', false);` if you want to prepare for this change. Or use `mongoose.set('strictQuery', true);` to suppress this warning.
(node:3147564) [MONGOOSE] DeprecationWarning: Mongoose: the `strictQuery` option will be switched back to `false` by default in Mongoose 7. Use `mongoose.set('strictQuery', false);` if you want to prepare for this change. Or use `mongoose.set('strictQuery', true);` to suppress this warning.
(node:3192146) [MONGOOSE] DeprecationWarning: Mongoose: the `strictQuery` option will be switched back to `false` by default in Mongoose 7. Use `mongoose.set('strictQuery', false);` if you want to prepare for this change. Or use `mongoose.set('strictQuery', true);` to suppress this warning.
(node:3194209) [MONGOOSE] DeprecationWarning: Mongoose: the `strictQuery` option will be switched back to `false` by default in Mongoose 7. Use `mongoose.set('strictQuery', false);` if you want to prepare for this change. Or use `mongoose.set('strictQuery', true);` to suppress this warning.
(node:3216198) [MONGOOSE] DeprecationWarning: Mongoose: the `strictQuery` option will be switched back to `false` by default in Mongoose 7. Use `mongoose.set('strictQuery', false);` if you want to prepare for this change. Or use `mongoose.set('strictQuery', true);` to suppress this warning.
(node:3232771) [MONGOOSE] DeprecationWarning: Mongoose: the `strictQuery` option will be switched back to `false` by default in Mongoose 7. Use `mongoose.set('strictQuery', false);` if you want to prepare for this change. Or use `mongoose.set('strictQuery', true);` to suppress this warning.
(node:3271341) [MONGOOSE] DeprecationWarning: Mongoose: the `strictQuery` option will be switched back to `false` by default in Mongoose 7. Use `mongoose.set('strictQuery', false);` if you want to prepare for this change. Or use `mongoose.set('strictQuery', true);` to suppress this warning.
(node:3277372) [MONGOOSE] DeprecationWarning: Mongoose: the `strictQuery` option will be switched back to `false` by default in Mongoose 7. Use `mongoose.set('strictQuery', false);` if you want to prepare for this change. Or use `mongoose.set('strictQuery', true);` to suppress this warning.
(node:3286266) [MONGOOSE] DeprecationWarning: Mongoose: the `strictQuery` option will be switched back to `false` by default in Mongoose 7. Use `mongoose.set('strictQuery', false);` if you want to prepare for this change. Or use `mongoose.set('strictQuery', true);` to suppress this warning.
(node:3288880) [MONGOOSE] DeprecationWarning: Mongoose: the `strictQuery` option will be switched back to `false` by default in Mongoose 7. Use `mongoose.set('strictQuery', false);` if you want to prepare for this change. Or use `mongoose.set('strictQuery', true);` to suppress this warning.
(node:3296142) [MONGOOSE] DeprecationWarning: Mongoose: the `strictQuery` option will be switched back to `false` by default in Mongoose 7. Use `mongoose.set('strictQuery', false);` if you want to prepare for this change. Or use `mongoose.set('strictQuery', true);` to suppress this warning.
(node:3391416) [MONGOOSE] DeprecationWarning: Mongoose: the `strictQuery` option will be switched back to `false` by default in Mongoose 7. Use `mongoose.set('strictQuery', false);` if you want to prepare for this change. Or use `mongoose.set('strictQuery', true);` to suppress this warning.
(node:3750286) [MONGOOSE] DeprecationWarning: Mongoose: the `strictQuery` option will be switched back to `false` by default in Mongoose 7. Use `mongoose.set('strictQuery', false);` if you want to prepare for this change. Or use `mongoose.set('strictQuery', true);` to suppress this warning.
SyntaxError: Unexpected token 'catch' in /home/honewiwp/lahorecouriers.com/views/qrcode_detail.ejs while compiling ejs

If the above error is not helpful, you may want to try EJS-Lint:
https://github.com/RyanZim/EJS-Lint
Or, if you meant to create an async function, pass `async: true` as an option.
    at new Function (<anonymous>)
    at Template.compile (/home/honewiwp/nodevenv/lahorecouriers.com/12/lib/node_modules/ejs/lib/ejs.js:673:12)
    at Object.compile (/home/honewiwp/nodevenv/lahorecouriers.com/12/lib/node_modules/ejs/lib/ejs.js:398:16)
    at handleCache (/home/honewiwp/nodevenv/lahorecouriers.com/12/lib/node_modules/ejs/lib/ejs.js:235:18)
    at tryHandleCache (/home/honewiwp/nodevenv/lahorecouriers.com/12/lib/node_modules/ejs/lib/ejs.js:274:16)
    at View.exports.renderFile [as engine] (/home/honewiwp/nodevenv/lahorecouriers.com/12/lib/node_modules/ejs/lib/ejs.js:491:10)
    at View.render (/home/honewiwp/nodevenv/lahorecouriers.com/12/lib/node_modules/express/lib/view.js:135:8)
    at tryRender (/home/honewiwp/nodevenv/lahorecouriers.com/12/lib/node_modules/express/lib/application.js:657:10)
    at Function.render (/home/honewiwp/nodevenv/lahorecouriers.com/12/lib/node_modules/express/lib/application.js:609:3)
    at ServerResponse.render (/home/honewiwp/nodevenv/lahorecouriers.com/12/lib/node_modules/express/lib/response.js:1039:7)
SyntaxError: Unexpected token 'catch' in /home/honewiwp/lahorecouriers.com/views/qrcode_detail.ejs while compiling ejs

If the above error is not helpful, you may want to try EJS-Lint:
https://github.com/RyanZim/EJS-Lint
Or, if you meant to create an async function, pass `async: true` as an option.
    at new Function (<anonymous>)
    at Template.compile (/home/honewiwp/nodevenv/lahorecouriers.com/12/lib/node_modules/ejs/lib/ejs.js:673:12)
    at Object.compile (/home/honewiwp/nodevenv/lahorecouriers.com/12/lib/node_modules/ejs/lib/ejs.js:398:16)
    at handleCache (/home/honewiwp/nodevenv/lahorecouriers.com/12/lib/node_modules/ejs/lib/ejs.js:235:18)
    at tryHandleCache (/home/honewiwp/nodevenv/lahorecouriers.com/12/lib/node_modules/ejs/lib/ejs.js:274:16)
    at View.exports.renderFile [as engine] (/home/honewiwp/nodevenv/lahorecouriers.com/12/lib/node_modules/ejs/lib/ejs.js:491:10)
    at View.render (/home/honewiwp/nodevenv/lahorecouriers.com/12/lib/node_modules/express/lib/view.js:135:8)
    at tryRender (/home/honewiwp/nodevenv/lahorecouriers.com/12/lib/node_modules/express/lib/application.js:657:10)
    at Function.render (/home/honewiwp/nodevenv/lahorecouriers.com/12/lib/node_modules/express/lib/application.js:609:3)
    at ServerResponse.render (/home/honewiwp/nodevenv/lahorecouriers.com/12/lib/node_modules/express/lib/response.js:1039:7)
(node:3776730) [MONGOOSE] DeprecationWarning: Mongoose: the `strictQuery` option will be switched back to `false` by default in Mongoose 7. Use `mongoose.set('strictQuery', false);` if you want to prepare for this change. Or use `mongoose.set('strictQuery', true);` to suppress this warning.
(node:3783081) [MONGOOSE] DeprecationWarning: Mongoose: the `strictQuery` option will be switched back to `false` by default in Mongoose 7. Use `mongoose.set('strictQuery', false);` if you want to prepare for this change. Or use `mongoose.set('strictQuery', true);` to suppress this warning.
(node:3831254) [MONGOOSE] DeprecationWarning: Mongoose: the `strictQuery` option will be switched back to `false` by default in Mongoose 7. Use `mongoose.set('strictQuery', false);` if you want to prepare for this change. Or use `mongoose.set('strictQuery', true);` to suppress this warning.
(node:3834329) [MONGOOSE] DeprecationWarning: Mongoose: the `strictQuery` option will be switched back to `false` by default in Mongoose 7. Use `mongoose.set('strictQuery', false);` if you want to prepare for this change. Or use `mongoose.set('strictQuery', true);` to suppress this warning.
(node:3891918) [MONGOOSE] DeprecationWarning: Mongoose: the `strictQuery` option will be switched back to `false` by default in Mongoose 7. Use `mongoose.set('strictQuery', false);` if you want to prepare for this change. Or use `mongoose.set('strictQuery', true);` to suppress this warning.
(node:919281) [MONGOOSE] DeprecationWarning: Mongoose: the `strictQuery` option will be switched back to `false` by default in Mongoose 7. Use `mongoose.set('strictQuery', false);` if you want to prepare for this change. Or use `mongoose.set('strictQuery', true);` to suppress this warning.
(node:1634564) [MONGOOSE] DeprecationWarning: Mongoose: the `strictQuery` option will be switched back to `false` by default in Mongoose 7. Use `mongoose.set('strictQuery', false);` if you want to prepare for this change. Or use `mongoose.set('strictQuery', true);` to suppress this warning.
(node:2144752) [MONGOOSE] DeprecationWarning: Mongoose: the `strictQuery` option will be switched back to `false` by default in Mongoose 7. Use `mongoose.set('strictQuery', false);` if you want to prepare for this change. Or use `mongoose.set('strictQuery', true);` to suppress this warning.
(node:2982953) [MONGOOSE] DeprecationWarning: Mongoose: the `strictQuery` option will be switched back to `false` by default in Mongoose 7. Use `mongoose.set('strictQuery', false);` if you want to prepare for this change. Or use `mongoose.set('strictQuery', true);` to suppress this warning.
(node:3633983) [MONGOOSE] DeprecationWarning: Mongoose: the `strictQuery` option will be switched back to `false` by default in Mongoose 7. Use `mongoose.set('strictQuery', false);` if you want to prepare for this change. Or use `mongoose.set('strictQuery', true);` to suppress this warning.
(node:289494) [MONGOOSE] DeprecationWarning: Mongoose: the `strictQuery` option will be switched back to `false` by default in Mongoose 7. Use `mongoose.set('strictQuery', false);` if you want to prepare for this change. Or use `mongoose.set('strictQuery', true);` to suppress this warning.
(node:1769092) [MONGOOSE] DeprecationWarning: Mongoose: the `strictQuery` option will be switched back to `false` by default in Mongoose 7. Use `mongoose.set('strictQuery', false);` if you want to prepare for this change. Or use `mongoose.set('strictQuery', true);` to suppress this warning.
(node:2344348) [MONGOOSE] DeprecationWarning: Mongoose: the `strictQuery` option will be switched back to `false` by default in Mongoose 7. Use `mongoose.set('strictQuery', false);` if you want to prepare for this change. Or use `mongoose.set('strictQuery', true);` to suppress this warning.
(node:2357101) [MONGOOSE] DeprecationWarning: Mongoose: the `strictQuery` option will be switched back to `false` by default in Mongoose 7. Use `mongoose.set('strictQuery', false);` if you want to prepare for this change. Or use `mongoose.set('strictQuery', true);` to suppress this warning.
(node:2368032) [MONGOOSE] DeprecationWarning: Mongoose: the `strictQuery` option will be switched back to `false` by default in Mongoose 7. Use `mongoose.set('strictQuery', false);` if you want to prepare for this change. Or use `mongoose.set('strictQuery', true);` to suppress this warning.
/home/honewiwp/lahorecouriers.com/controllers/admin/OrderController.js:78
          const order =   await orderDoc.save();
                ^

SyntaxError: Identifier 'order' has already been declared
    at wrapSafe (internal/modules/cjs/loader.js:915:16)
    at Module._compile (internal/modules/cjs/loader.js:963:27)
    at Object.Module._extensions..js (internal/modules/cjs/loader.js:1027:10)
    at Module.load (internal/modules/cjs/loader.js:863:32)
    at Function.Module._load (internal/modules/cjs/loader.js:708:14)
    at Module.require (internal/modules/cjs/loader.js:887:19)
    at require (internal/modules/cjs/helpers.js:74:18)
    at Object.<anonymous> (/home/honewiwp/lahorecouriers.com/routes/admin.js:4:25)
    at Module._compile (internal/modules/cjs/loader.js:999:30)
    at Object.Module._extensions..js (internal/modules/cjs/loader.js:1027:10)
/home/honewiwp/lahorecouriers.com/controllers/admin/OrderController.js:78
          const order =   await orderDoc.save();
                ^

SyntaxError: Identifier 'order' has already been declared
    at wrapSafe (internal/modules/cjs/loader.js:915:16)
    at Module._compile (internal/modules/cjs/loader.js:963:27)
    at Object.Module._extensions..js (internal/modules/cjs/loader.js:1027:10)
    at Module.load (internal/modules/cjs/loader.js:863:32)
    at Function.Module._load (internal/modules/cjs/loader.js:708:14)
    at Module.require (internal/modules/cjs/loader.js:887:19)
    at require (internal/modules/cjs/helpers.js:74:18)
    at Object.<anonymous> (/home/honewiwp/lahorecouriers.com/routes/admin.js:4:25)
    at Module._compile (internal/modules/cjs/loader.js:999:30)
    at Object.Module._extensions..js (internal/modules/cjs/loader.js:1027:10)
/home/honewiwp/lahorecouriers.com/controllers/admin/OrderController.js:78
          const order =   await orderDoc.save();
                ^

SyntaxError: Identifier 'order' has already been declared
    at wrapSafe (internal/modules/cjs/loader.js:915:16)
    at Module._compile (internal/modules/cjs/loader.js:963:27)
    at Object.Module._extensions..js (internal/modules/cjs/loader.js:1027:10)
    at Module.load (internal/modules/cjs/loader.js:863:32)
    at Function.Module._load (internal/modules/cjs/loader.js:708:14)
    at Module.require (internal/modules/cjs/loader.js:887:19)
    at require (internal/modules/cjs/helpers.js:74:18)
    at Object.<anonymous> (/home/honewiwp/lahorecouriers.com/routes/admin.js:4:25)
    at Module._compile (internal/modules/cjs/loader.js:999:30)
    at Object.Module._extensions..js (internal/modules/cjs/loader.js:1027:10)
/home/honewiwp/lahorecouriers.com/controllers/admin/OrderController.js:78
          const order =   await orderDoc.save();
                ^

SyntaxError: Identifier 'order' has already been declared
    at wrapSafe (internal/modules/cjs/loader.js:915:16)
    at Module._compile (internal/modules/cjs/loader.js:963:27)
    at Object.Module._extensions..js (internal/modules/cjs/loader.js:1027:10)
    at Module.load (internal/modules/cjs/loader.js:863:32)
    at Function.Module._load (internal/modules/cjs/loader.js:708:14)
    at Module.require (internal/modules/cjs/loader.js:887:19)
    at require (internal/modules/cjs/helpers.js:74:18)
    at Object.<anonymous> (/home/honewiwp/lahorecouriers.com/routes/admin.js:4:25)
    at Module._compile (internal/modules/cjs/loader.js:999:30)
    at Object.Module._extensions..js (internal/modules/cjs/loader.js:1027:10)
/home/honewiwp/lahorecouriers.com/controllers/admin/OrderController.js:78
          const order =   await orderDoc.save();
                ^

SyntaxError: Identifier 'order' has already been declared
    at wrapSafe (internal/modules/cjs/loader.js:915:16)
    at Module._compile (internal/modules/cjs/loader.js:963:27)
    at Object.Module._extensions..js (internal/modules/cjs/loader.js:1027:10)
    at Module.load (internal/modules/cjs/loader.js:863:32)
    at Function.Module._load (internal/modules/cjs/loader.js:708:14)
    at Module.require (internal/modules/cjs/loader.js:887:19)
    at require (internal/modules/cjs/helpers.js:74:18)
    at Object.<anonymous> (/home/honewiwp/lahorecouriers.com/routes/admin.js:4:25)
    at Module._compile (internal/modules/cjs/loader.js:999:30)
    at Object.Module._extensions..js (internal/modules/cjs/loader.js:1027:10)
/home/honewiwp/lahorecouriers.com/controllers/admin/OrderController.js:78
          const order =   await orderDoc.save();
                ^

SyntaxError: Identifier 'order' has already been declared
    at wrapSafe (internal/modules/cjs/loader.js:915:16)
    at Module._compile (internal/modules/cjs/loader.js:963:27)
    at Object.Module._extensions..js (internal/modules/cjs/loader.js:1027:10)
    at Module.load (internal/modules/cjs/loader.js:863:32)
    at Function.Module._load (internal/modules/cjs/loader.js:708:14)
    at Module.require (internal/modules/cjs/loader.js:887:19)
    at require (internal/modules/cjs/helpers.js:74:18)
    at Object.<anonymous> (/home/honewiwp/lahorecouriers.com/routes/admin.js:4:25)
    at Module._compile (internal/modules/cjs/loader.js:999:30)
    at Object.Module._extensions..js (internal/modules/cjs/loader.js:1027:10)
/home/honewiwp/lahorecouriers.com/controllers/admin/OrderController.js:78
          const order =   await orderDoc.save();
                ^

SyntaxError: Identifier 'order' has already been declared
    at wrapSafe (internal/modules/cjs/loader.js:915:16)
    at Module._compile (internal/modules/cjs/loader.js:963:27)
    at Object.Module._extensions..js (internal/modules/cjs/loader.js:1027:10)
    at Module.load (internal/modules/cjs/loader.js:863:32)
    at Function.Module._load (internal/modules/cjs/loader.js:708:14)
    at Module.require (internal/modules/cjs/loader.js:887:19)
    at require (internal/modules/cjs/helpers.js:74:18)
    at Object.<anonymous> (/home/honewiwp/lahorecouriers.com/routes/admin.js:4:25)
    at Module._compile (internal/modules/cjs/loader.js:999:30)
    at Object.Module._extensions..js (internal/modules/cjs/loader.js:1027:10)
/home/honewiwp/lahorecouriers.com/controllers/admin/OrderController.js:78
          const order =   await orderDoc.save();
                ^

SyntaxError: Identifier 'order' has already been declared
    at wrapSafe (internal/modules/cjs/loader.js:915:16)
    at Module._compile (internal/modules/cjs/loader.js:963:27)
    at Object.Module._extensions..js (internal/modules/cjs/loader.js:1027:10)
    at Module.load (internal/modules/cjs/loader.js:863:32)
    at Function.Module._load (internal/modules/cjs/loader.js:708:14)
    at Module.require (internal/modules/cjs/loader.js:887:19)
    at require (internal/modules/cjs/helpers.js:74:18)
    at Object.<anonymous> (/home/honewiwp/lahorecouriers.com/routes/admin.js:4:25)
    at Module._compile (internal/modules/cjs/loader.js:999:30)
    at Object.Module._extensions..js (internal/modules/cjs/loader.js:1027:10)
/home/honewiwp/lahorecouriers.com/controllers/admin/OrderController.js:78
          const order =   await orderDoc.save();
                ^

SyntaxError: Identifier 'order' has already been declared
    at wrapSafe (internal/modules/cjs/loader.js:915:16)
    at Module._compile (internal/modules/cjs/loader.js:963:27)
    at Object.Module._extensions..js (internal/modules/cjs/loader.js:1027:10)
    at Module.load (internal/modules/cjs/loader.js:863:32)
    at Function.Module._load (internal/modules/cjs/loader.js:708:14)
    at Module.require (internal/modules/cjs/loader.js:887:19)
    at require (internal/modules/cjs/helpers.js:74:18)
    at Object.<anonymous> (/home/honewiwp/lahorecouriers.com/routes/admin.js:4:25)
    at Module._compile (internal/modules/cjs/loader.js:999:30)
    at Object.Module._extensions..js (internal/modules/cjs/loader.js:1027:10)
(node:2444469) [MONGOOSE] DeprecationWarning: Mongoose: the `strictQuery` option will be switched back to `false` by default in Mongoose 7. Use `mongoose.set('strictQuery', false);` if you want to prepare for this change. Or use `mongoose.set('strictQuery', true);` to suppress this warning.
(node:2444675) [MONGOOSE] DeprecationWarning: Mongoose: the `strictQuery` option will be switched back to `false` by default in Mongoose 7. Use `mongoose.set('strictQuery', false);` if you want to prepare for this change. Or use `mongoose.set('strictQuery', true);` to suppress this warning.
/home/honewiwp/lahorecouriers.com/controllers/admin/OrderController.js:77
      const order =   await orderDoc.save();
            ^

SyntaxError: Identifier 'order' has already been declared
    at wrapSafe (internal/modules/cjs/loader.js:915:16)
    at Module._compile (internal/modules/cjs/loader.js:963:27)
    at Object.Module._extensions..js (internal/modules/cjs/loader.js:1027:10)
    at Module.load (internal/modules/cjs/loader.js:863:32)
    at Function.Module._load (internal/modules/cjs/loader.js:708:14)
    at Module.require (internal/modules/cjs/loader.js:887:19)
    at require (internal/modules/cjs/helpers.js:74:18)
    at Object.<anonymous> (/home/honewiwp/lahorecouriers.com/routes/admin.js:4:25)
    at Module._compile (internal/modules/cjs/loader.js:999:30)
    at Object.Module._extensions..js (internal/modules/cjs/loader.js:1027:10)
/home/honewiwp/lahorecouriers.com/controllers/admin/OrderController.js:77
      const order =   await orderDoc.save();
            ^

SyntaxError: Identifier 'order' has already been declared
    at wrapSafe (internal/modules/cjs/loader.js:915:16)
    at Module._compile (internal/modules/cjs/loader.js:963:27)
    at Object.Module._extensions..js (internal/modules/cjs/loader.js:1027:10)
    at Module.load (internal/modules/cjs/loader.js:863:32)
    at Function.Module._load (internal/modules/cjs/loader.js:708:14)
    at Module.require (internal/modules/cjs/loader.js:887:19)
    at require (internal/modules/cjs/helpers.js:74:18)
    at Object.<anonymous> (/home/honewiwp/lahorecouriers.com/routes/admin.js:4:25)
    at Module._compile (internal/modules/cjs/loader.js:999:30)
    at Object.Module._extensions..js (internal/modules/cjs/loader.js:1027:10)
/home/honewiwp/lahorecouriers.com/controllers/admin/OrderController.js:77
      const order =   await orderDoc.save();
            ^

SyntaxError: Identifier 'order' has already been declared
    at wrapSafe (internal/modules/cjs/loader.js:915:16)
    at Module._compile (internal/modules/cjs/loader.js:963:27)
    at Object.Module._extensions..js (internal/modules/cjs/loader.js:1027:10)
    at Module.load (internal/modules/cjs/loader.js:863:32)
    at Function.Module._load (internal/modules/cjs/loader.js:708:14)
    at Module.require (internal/modules/cjs/loader.js:887:19)
    at require (internal/modules/cjs/helpers.js:74:18)
    at Object.<anonymous> (/home/honewiwp/lahorecouriers.com/routes/admin.js:4:25)
    at Module._compile (internal/modules/cjs/loader.js:999:30)
    at Object.Module._extensions..js (internal/modules/cjs/loader.js:1027:10)
/home/honewiwp/lahorecouriers.com/controllers/admin/OrderController.js:77
      const order =   await orderDoc.save();
            ^

SyntaxError: Identifier 'order' has already been declared
    at wrapSafe (internal/modules/cjs/loader.js:915:16)
    at Module._compile (internal/modules/cjs/loader.js:963:27)
    at Object.Module._extensions..js (internal/modules/cjs/loader.js:1027:10)
    at Module.load (internal/modules/cjs/loader.js:863:32)
    at Function.Module._load (internal/modules/cjs/loader.js:708:14)
    at Module.require (internal/modules/cjs/loader.js:887:19)
    at require (internal/modules/cjs/helpers.js:74:18)
    at Object.<anonymous> (/home/honewiwp/lahorecouriers.com/routes/admin.js:4:25)
    at Module._compile (internal/modules/cjs/loader.js:999:30)
    at Object.Module._extensions..js (internal/modules/cjs/loader.js:1027:10)
(node:2451589) [MONGOOSE] DeprecationWarning: Mongoose: the `strictQuery` option will be switched back to `false` by default in Mongoose 7. Use `mongoose.set('strictQuery', false);` if you want to prepare for this change. Or use `mongoose.set('strictQuery', true);` to suppress this warning.
(node:2452283) [MONGOOSE] DeprecationWarning: Mongoose: the `strictQuery` option will be switched back to `false` by default in Mongoose 7. Use `mongoose.set('strictQuery', false);` if you want to prepare for this change. Or use `mongoose.set('strictQuery', true);` to suppress this warning.
(node:2480276) [MONGOOSE] DeprecationWarning: Mongoose: the `strictQuery` option will be switched back to `false` by default in Mongoose 7. Use `mongoose.set('strictQuery', false);` if you want to prepare for this change. Or use `mongoose.set('strictQuery', true);` to suppress this warning.
(node:2546534) [MONGOOSE] DeprecationWarning: Mongoose: the `strictQuery` option will be switched back to `false` by default in Mongoose 7. Use `mongoose.set('strictQuery', false);` if you want to prepare for this change. Or use `mongoose.set('strictQuery', true);` to suppress this warning.
(node:2550295) [MONGOOSE] DeprecationWarning: Mongoose: the `strictQuery` option will be switched back to `false` by default in Mongoose 7. Use `mongoose.set('strictQuery', false);` if you want to prepare for this change. Or use `mongoose.set('strictQuery', true);` to suppress this warning.
(node:2571125) [MONGOOSE] DeprecationWarning: Mongoose: the `strictQuery` option will be switched back to `false` by default in Mongoose 7. Use `mongoose.set('strictQuery', false);` if you want to prepare for this change. Or use `mongoose.set('strictQuery', true);` to suppress this warning.
/home/honewiwp/lahorecouriers.com/controllers/admin/OrderController.js:83
       var date = "Last Sync: " + currentdate.getDate() + "/"
           ^

SyntaxError: Identifier 'date' has already been declared
    at wrapSafe (internal/modules/cjs/loader.js:915:16)
    at Module._compile (internal/modules/cjs/loader.js:963:27)
    at Object.Module._extensions..js (internal/modules/cjs/loader.js:1027:10)
    at Module.load (internal/modules/cjs/loader.js:863:32)
    at Function.Module._load (internal/modules/cjs/loader.js:708:14)
    at Module.require (internal/modules/cjs/loader.js:887:19)
    at require (internal/modules/cjs/helpers.js:74:18)
    at Object.<anonymous> (/home/honewiwp/lahorecouriers.com/routes/admin.js:4:25)
    at Module._compile (internal/modules/cjs/loader.js:999:30)
    at Object.Module._extensions..js (internal/modules/cjs/loader.js:1027:10)
/home/honewiwp/lahorecouriers.com/controllers/admin/OrderController.js:83
       var date = "Last Sync: " + currentdate.getDate() + "/"
           ^

SyntaxError: Identifier 'date' has already been declared
    at wrapSafe (internal/modules/cjs/loader.js:915:16)
    at Module._compile (internal/modules/cjs/loader.js:963:27)
    at Object.Module._extensions..js (internal/modules/cjs/loader.js:1027:10)
    at Module.load (internal/modules/cjs/loader.js:863:32)
    at Function.Module._load (internal/modules/cjs/loader.js:708:14)
    at Module.require (internal/modules/cjs/loader.js:887:19)
    at require (internal/modules/cjs/helpers.js:74:18)
    at Object.<anonymous> (/home/honewiwp/lahorecouriers.com/routes/admin.js:4:25)
    at Module._compile (internal/modules/cjs/loader.js:999:30)
    at Object.Module._extensions..js (internal/modules/cjs/loader.js:1027:10)
/home/honewiwp/lahorecouriers.com/controllers/admin/OrderController.js:83
       var date = "Last Sync: " + currentdate.getDate() + "/"
           ^

SyntaxError: Identifier 'date' has already been declared
    at wrapSafe (internal/modules/cjs/loader.js:915:16)
    at Module._compile (internal/modules/cjs/loader.js:963:27)
    at Object.Module._extensions..js (internal/modules/cjs/loader.js:1027:10)
    at Module.load (internal/modules/cjs/loader.js:863:32)
    at Function.Module._load (internal/modules/cjs/loader.js:708:14)
    at Module.require (internal/modules/cjs/loader.js:887:19)
    at require (internal/modules/cjs/helpers.js:74:18)
    at Object.<anonymous> (/home/honewiwp/lahorecouriers.com/routes/admin.js:4:25)
    at Module._compile (internal/modules/cjs/loader.js:999:30)
    at Object.Module._extensions..js (internal/modules/cjs/loader.js:1027:10)
/home/honewiwp/lahorecouriers.com/controllers/admin/OrderController.js:83
       var date = "Last Sync: " + currentdate.getDate() + "/"
           ^

SyntaxError: Identifier 'date' has already been declared
    at wrapSafe (internal/modules/cjs/loader.js:915:16)
    at Module._compile (internal/modules/cjs/loader.js:963:27)
    at Object.Module._extensions..js (internal/modules/cjs/loader.js:1027:10)
    at Module.load (internal/modules/cjs/loader.js:863:32)
    at Function.Module._load (internal/modules/cjs/loader.js:708:14)
    at Module.require (internal/modules/cjs/loader.js:887:19)
    at require (internal/modules/cjs/helpers.js:74:18)
    at Object.<anonymous> (/home/honewiwp/lahorecouriers.com/routes/admin.js:4:25)
    at Module._compile (internal/modules/cjs/loader.js:999:30)
    at Object.Module._extensions..js (internal/modules/cjs/loader.js:1027:10)
/home/honewiwp/lahorecouriers.com/controllers/admin/OrderController.js:83
       var date = "Last Sync: " + currentdate.getDate() + "/"
           ^

SyntaxError: Identifier 'date' has already been declared
    at wrapSafe (internal/modules/cjs/loader.js:915:16)
    at Module._compile (internal/modules/cjs/loader.js:963:27)
    at Object.Module._extensions..js (internal/modules/cjs/loader.js:1027:10)
    at Module.load (internal/modules/cjs/loader.js:863:32)
    at Function.Module._load (internal/modules/cjs/loader.js:708:14)
    at Module.require (internal/modules/cjs/loader.js:887:19)
    at require (internal/modules/cjs/helpers.js:74:18)
    at Object.<anonymous> (/home/honewiwp/lahorecouriers.com/routes/admin.js:4:25)
    at Module._compile (internal/modules/cjs/loader.js:999:30)
    at Object.Module._extensions..js (internal/modules/cjs/loader.js:1027:10)
/home/honewiwp/lahorecouriers.com/controllers/admin/OrderController.js:83
       var date = "Last Sync: " + currentdate.getDate() + "/"
           ^

SyntaxError: Identifier 'date' has already been declared
    at wrapSafe (internal/modules/cjs/loader.js:915:16)
    at Module._compile (internal/modules/cjs/loader.js:963:27)
    at Object.Module._extensions..js (internal/modules/cjs/loader.js:1027:10)
    at Module.load (internal/modules/cjs/loader.js:863:32)
    at Function.Module._load (internal/modules/cjs/loader.js:708:14)
    at Module.require (internal/modules/cjs/loader.js:887:19)
    at require (internal/modules/cjs/helpers.js:74:18)
    at Object.<anonymous> (/home/honewiwp/lahorecouriers.com/routes/admin.js:4:25)
    at Module._compile (internal/modules/cjs/loader.js:999:30)
    at Object.Module._extensions..js (internal/modules/cjs/loader.js:1027:10)
/home/honewiwp/lahorecouriers.com/controllers/admin/OrderController.js:83
       var date = "Last Sync: " + currentdate.getDate() + "/"
           ^

SyntaxError: Identifier 'date' has already been declared
    at wrapSafe (internal/modules/cjs/loader.js:915:16)
    at Module._compile (internal/modules/cjs/loader.js:963:27)
    at Object.Module._extensions..js (internal/modules/cjs/loader.js:1027:10)
    at Module.load (internal/modules/cjs/loader.js:863:32)
    at Function.Module._load (internal/modules/cjs/loader.js:708:14)
    at Module.require (internal/modules/cjs/loader.js:887:19)
    at require (internal/modules/cjs/helpers.js:74:18)
    at Object.<anonymous> (/home/honewiwp/lahorecouriers.com/routes/admin.js:4:25)
    at Module._compile (internal/modules/cjs/loader.js:999:30)
    at Object.Module._extensions..js (internal/modules/cjs/loader.js:1027:10)
(node:2624842) [MONGOOSE] DeprecationWarning: Mongoose: the `strictQuery` option will be switched back to `false` by default in Mongoose 7. Use `mongoose.set('strictQuery', false);` if you want to prepare for this change. Or use `mongoose.set('strictQuery', true);` to suppress this warning.
(node:2625087) [MONGOOSE] DeprecationWarning: Mongoose: the `strictQuery` option will be switched back to `false` by default in Mongoose 7. Use `mongoose.set('strictQuery', false);` if you want to prepare for this change. Or use `mongoose.set('strictQuery', true);` to suppress this warning.
(node:2639622) [MONGOOSE] DeprecationWarning: Mongoose: the `strictQuery` option will be switched back to `false` by default in Mongoose 7. Use `mongoose.set('strictQuery', false);` if you want to prepare for this change. Or use `mongoose.set('strictQuery', true);` to suppress this warning.
(node:3846763) [MONGOOSE] DeprecationWarning: Mongoose: the `strictQuery` option will be switched back to `false` by default in Mongoose 7. Use `mongoose.set('strictQuery', false);` if you want to prepare for this change. Or use `mongoose.set('strictQuery', true);` to suppress this warning.
(node:404311) [MONGOOSE] DeprecationWarning: Mongoose: the `strictQuery` option will be switched back to `false` by default in Mongoose 7. Use `mongoose.set('strictQuery', false);` if you want to prepare for this change. Or use `mongoose.set('strictQuery', true);` to suppress this warning.
Error: Failed to serialize user into session
    at pass (/home/honewiwp/nodevenv/lahorecouriers.com/12/lib/node_modules/passport/lib/authenticator.js:278:19)
    at serialized (/home/honewiwp/nodevenv/lahorecouriers.com/12/lib/node_modules/passport/lib/authenticator.js:283:7)
    at /home/honewiwp/lahorecouriers.com/config/authConfig.js:39:9
    at pass (/home/honewiwp/nodevenv/lahorecouriers.com/12/lib/node_modules/passport/lib/authenticator.js:291:9)
    at Authenticator.serializeUser (/home/honewiwp/nodevenv/lahorecouriers.com/12/lib/node_modules/passport/lib/authenticator.js:296:5)
    at /home/honewiwp/nodevenv/lahorecouriers.com/12/lib/node_modules/passport/lib/sessionmanager.js:33:10
    at /home/honewiwp/nodevenv/lahorecouriers.com/12/lib/node_modules/express-session/session/store.js:54:5
    at /home/honewiwp/nodevenv/lahorecouriers.com/12/lib/node_modules/connect-mongo/build/main/lib/MongoStore.js:378:13
    at runMicrotasks (<anonymous>)
    at processTicksAndRejections (internal/process/task_queues.js:97:5)
